<?xml version="1.0" encoding="UTF-8"?>
<testsuite xmlns:xsi="http://www.w3.org/2001/XMLSchema-instance" xsi:noNamespaceSchemaLocation="https://maven.apache.org/surefire/maven-surefire-plugin/xsd/surefire-test-report-3.0.xsd" version="3.0" name="azurespringboot.azurespringboot.AzureSpringbootApplicationTests" time="8.701" tests="1" errors="0" skipped="0" failures="0">
  <properties>
[...]
</properties>
  <testcase name="contextLoads" classname="azurespringboot.azurespringboot.AzureSpringbootApplicationTests" time="4.909">
    <system-out><![CDATA[17:32:47.948 [main] INFO org.springframework.test.context.support.AnnotationConfigContextLoaderUtils -- Could not detect default configuration classes for test class [azurespringboot.azurespringboot.AzureSpringbootApplicationTests]: AzureSpringbootApplicationTests does not declare any static, non-private, non-final, nested classes annotated with @Configuration.
17:32:48.148 [main] INFO org.springframework.boot.test.context.SpringBootTestContextBootstrapper -- Found @SpringBootConfiguration azurespringboot.azurespringboot.AzureSpringbootApplication for test class azurespringboot.azurespringboot.AzureSpringbootApplicationTests

  .   ____          _            __ _ _
 /\\ / ___'_ __ _ _(_)_ __  __ _ \ \ \ \
( ( )\___ | '_ | '_| | '_ \/ _` | \ \ \ \
 \\/  ___)| |_)| | | | | || (_| |  ) ) ) )
  '  |____| .__|_| |_|_| |_\__, | / / / /
 =========|_|==============|___/=/_/_/_/
 :: Spring Boot ::                (v3.1.7)

2024-02-23T17:32:49.003+05:30  INFO 11516 --- [           main] a.a.AzureSpringbootApplicationTests      : Starting AzureSpringbootApplicationTests using Java 17.0.7 with PID 11516 (started by suman.midde in C:\Users\suman.midde\Desktop\aure Repos\azure-springboot\azure-springboot)
2024-02-23T17:32:49.004+05:30  INFO 11516 --- [           main] a.a.AzureSpringbootApplicationTests      : No active profile set, falling back to 1 default profile: "default"
2024-02-23T17:32:50.985+05:30  INFO 11516 --- [           main] a.a.AzureSpringbootApplicationTests      : Started AzureSpringbootApplicationTests in 2.527 seconds (process running for 4.864)
]]></system-out>
  </testcase>
</testsuite>